<?xml version="1.0" encoding="UTF-8"?>
<!-- Generated by org.testng.reporters.JUnitReportReporter -->
<testsuite skipped="0" hostname="Shail-Inspiron" name="Example.NewTest1" tests="1" failures="0" timestamp="2020-08-20T00:53:02 CDT" time="1.572" errors="0">
  <testcase name="f" time="1.572" classname="Example.NewTest1"/>
</testsuite> <!-- Example.NewTest1 -->
