<?xml version="1.0" encoding="UTF-8"?>
<!-- Generated by org.testng.reporters.JUnitReportReporter -->
<testsuite hostname="Shail-Inspiron" name="Example.NewTest1" tests="1" failures="0" timestamp="20 Aug 2020 06:12:19 GMT" time="2.980" errors="0">
  <testcase name="f" time="2.980" classname="Example.NewTest1"/>
</testsuite> <!-- Example.NewTest1 -->
